C:\USERS\EVA\DOCUMENTS\VISUAL STUDIO 2010\PROJECTS\HOMEWORK FINAL  PROJ\DEBUG\HOMEWORK FINAL  PROJ.EXE
C:\USERS\EVA\DOCUMENTS\VISUAL STUDIO 2010\PROJECTS\HOMEWORK FINAL  PROJ\DEBUG\HOMEWORK FINAL  PROJ.ILK
C:\USERS\EVA\DOCUMENTS\VISUAL STUDIO 2010\PROJECTS\HOMEWORK FINAL  PROJ\DEBUG\HOMEWORK FINAL  PROJ.PDB
C:\Users\EVA\documents\visual studio 2010\Projects\HOMEWORK final  proj\HOMEWORK final  proj\Debug\cl.command.1.tlog
C:\Users\EVA\documents\visual studio 2010\Projects\HOMEWORK final  proj\HOMEWORK final  proj\Debug\CL.read.1.tlog
C:\Users\EVA\documents\visual studio 2010\Projects\HOMEWORK final  proj\HOMEWORK final  proj\Debug\CL.write.1.tlog
C:\USERS\EVA\DOCUMENTS\VISUAL STUDIO 2010\PROJECTS\HOMEWORK FINAL  PROJ\HOMEWORK FINAL  PROJ\DEBUG\HOMEWORK FINAL  PROJ.EXE.EMBED.MANIFEST
C:\USERS\EVA\DOCUMENTS\VISUAL STUDIO 2010\PROJECTS\HOMEWORK FINAL  PROJ\HOMEWORK FINAL  PROJ\DEBUG\HOMEWORK FINAL  PROJ.EXE.EMBED.MANIFEST.RES
C:\USERS\EVA\DOCUMENTS\VISUAL STUDIO 2010\PROJECTS\HOMEWORK FINAL  PROJ\HOMEWORK FINAL  PROJ\DEBUG\HOMEWORK FINAL  PROJ.EXE.INTERMEDIATE.MANIFEST
C:\USERS\EVA\DOCUMENTS\VISUAL STUDIO 2010\PROJECTS\HOMEWORK FINAL  PROJ\HOMEWORK FINAL  PROJ\DEBUG\HOMEWORK FINAL  PROJ.OBJ
C:\USERS\EVA\DOCUMENTS\VISUAL STUDIO 2010\PROJECTS\HOMEWORK FINAL  PROJ\HOMEWORK FINAL  PROJ\DEBUG\HOMEWORK FINAL  PROJ.PCH
C:\USERS\EVA\DOCUMENTS\VISUAL STUDIO 2010\PROJECTS\HOMEWORK FINAL  PROJ\HOMEWORK FINAL  PROJ\DEBUG\HOMEWORK FINAL  PROJ.RES
C:\Users\EVA\documents\visual studio 2010\Projects\HOMEWORK final  proj\HOMEWORK final  proj\Debug\HOMEWORK final  proj.vcxprojResolveAssemblyReference.cache
C:\Users\EVA\documents\visual studio 2010\Projects\HOMEWORK final  proj\HOMEWORK final  proj\Debug\HOMEWORK final  proj.write.1.tlog
C:\Users\EVA\documents\visual studio 2010\Projects\HOMEWORK final  proj\HOMEWORK final  proj\Debug\HOMEWORK final  proj_manifest.rc
C:\Users\EVA\documents\visual studio 2010\Projects\HOMEWORK final  proj\HOMEWORK final  proj\Debug\link.command.1.tlog
C:\Users\EVA\documents\visual studio 2010\Projects\HOMEWORK final  proj\HOMEWORK final  proj\Debug\link.read.1.tlog
C:\Users\EVA\documents\visual studio 2010\Projects\HOMEWORK final  proj\HOMEWORK final  proj\Debug\link.write.1.tlog
C:\Users\EVA\documents\visual studio 2010\Projects\HOMEWORK final  proj\HOMEWORK final  proj\Debug\link-cvtres.read.1.tlog
C:\Users\EVA\documents\visual studio 2010\Projects\HOMEWORK final  proj\HOMEWORK final  proj\Debug\link-cvtres.write.1.tlog
C:\Users\EVA\documents\visual studio 2010\Projects\HOMEWORK final  proj\HOMEWORK final  proj\Debug\mt.command.1.tlog
C:\Users\EVA\documents\visual studio 2010\Projects\HOMEWORK final  proj\HOMEWORK final  proj\Debug\mt.read.1.tlog
C:\Users\EVA\documents\visual studio 2010\Projects\HOMEWORK final  proj\HOMEWORK final  proj\Debug\mt.write.1.tlog
C:\Users\EVA\documents\visual studio 2010\Projects\HOMEWORK final  proj\HOMEWORK final  proj\Debug\rc.command.1.tlog
C:\Users\EVA\documents\visual studio 2010\Projects\HOMEWORK final  proj\HOMEWORK final  proj\Debug\rc.read.1.tlog
C:\Users\EVA\documents\visual studio 2010\Projects\HOMEWORK final  proj\HOMEWORK final  proj\Debug\rc.write.1.tlog
C:\USERS\EVA\DOCUMENTS\VISUAL STUDIO 2010\PROJECTS\HOMEWORK FINAL  PROJ\HOMEWORK FINAL  PROJ\DEBUG\SENCE.OBJ
C:\USERS\EVA\DOCUMENTS\VISUAL STUDIO 2010\PROJECTS\HOMEWORK FINAL  PROJ\HOMEWORK FINAL  PROJ\DEBUG\STDAFX.OBJ
C:\Users\EVA\documents\visual studio 2010\Projects\HOMEWORK final  proj\HOMEWORK final  proj\Debug\vc100.idb
C:\USERS\EVA\DOCUMENTS\VISUAL STUDIO 2010\PROJECTS\HOMEWORK FINAL  PROJ\HOMEWORK FINAL  PROJ\DEBUG\VC100.PDB
